<?xml version="1.0" encoding="UTF-8"?>
<!-- Generated by org.testng.reporters.JUnitXMLReporter -->
<testsuite hostname="LHTU05CG8491ZL8" ignored="0" name="Login" tests="2" failures="1" timestamp="19 Nov 2020 13:12:59 GMT" time="19.88" errors="0">
  <testcase name="basenavigationstep" time="0.645" classname="ClientPortal.ClientPortal.Login"/>
  <testcase name="basenavigationstep" time="0.656" classname="ClientPortal.ClientPortal.Login">
    <failure type="java.lang.NullPointerException">
      <![CDATA[java.lang.NullPointerException
at ClientPortal.ClientPortal.Listerners.onTestSuccess(Listerners.java:77)
... Removed 26 stack frames]]>
    </failure>
  </testcase> <!-- basenavigationstep -->
</testsuite> <!-- Login -->
